0 info it worked if it ends with ok
1 verbose cli [ 'C:\\Program Files\\nodejs\\node.exe',
1 verbose cli   'C:\\Program Files\\nodejs\\node_modules\\npm\\bin\\npm-cli.js',
1 verbose cli   'run',
1 verbose cli   'dev' ]
2 info using npm@4.0.5
3 info using node@v7.4.0
4 verbose run-script [ 'predev', 'dev', 'postdev' ]
5 info lifecycle code@1.0.0~predev: code@1.0.0
6 silly lifecycle code@1.0.0~predev: no script for predev, continuing
7 info lifecycle code@1.0.0~dev: code@1.0.0
8 verbose lifecycle code@1.0.0~dev: unsafe-perm in lifecycle true
9 verbose lifecycle code@1.0.0~dev: PATH: C:\Program Files\nodejs\node_modules\npm\bin\node-gyp-bin;C:\Users\jesse_000\AppData\Local\Screeps\scripts\192_168_1_32___21025\default\code\node_modules\.bin;C:\Program Files (x86)\Common Files\Oracle\Java\javapath;C:\ProgramData\Oracle\Java\javapath;C:\Windows\system32;C:\Windows;C:\Windows\System32\Wbem;C:\Windows\System32\WindowsPowerShell\v1.0\;C:\WINDOWS\system32;C:\WINDOWS;C:\WINDOWS\System32\Wbem;C:\WINDOWS\System32\WindowsPowerShell\v1.0\;C:\Program Files (x86)\Razer Chroma SDK\bin;C:\Program Files\Razer Chroma SDK\bin;C:\WINDOWS\system32\config\systemprofile\AppData\Local\Microsoft\WindowsApps;C:\Program Files (x86)\NVIDIA Corporation\PhysX\Common;C:\Program Files (x86)\Windows Kits\8.1\Windows Performance Toolkit\;C:\Program Files\nodejs\;C:\Program Files\Git\cmd;C:\ffmpeg\bin;C:\WINDOWS\system32;C:\WINDOWS;C:\WINDOWS\System32\Wbem;C:\WINDOWS\System32\WindowsPowerShell\v1.0\;C:\Program Files\RedHat\java-1.8.0-openjdk-1.8.0.144-1\bin;C:\Program Files\PuTTY\;C:\Program Files (x86)\OpenSSH\bin;C:\Program Files (x86)\GtkSharp\2.12\bin;C:\WINDOWS\System32\OpenSSH\;C:\Users\jesse_000\AppData\Local\Microsoft\WindowsApps;C:\Users\jesse_000\AppData\Local\atom\bin;C:\Users\jesse_000\AppData\Roaming\npm;C:\Users\jesse_000\AppData\Local\Microsoft\WindowsApps;C:\Users\jesse_000\AppData\Local\GitHubDesktop\bin;C:\Program Files\Microsoft VS Code\bin
10 verbose lifecycle code@1.0.0~dev: CWD: C:\Users\jesse_000\AppData\Local\Screeps\scripts\192_168_1_32___21025\default\code
11 silly lifecycle code@1.0.0~dev: Args: [ '/d /s /c', 'grunt' ]
12 silly lifecycle code@1.0.0~dev: Returned: code: 3221225786  signal: null
13 info lifecycle code@1.0.0~dev: Failed to exec dev script
14 verbose stack Error: code@1.0.0 dev: `grunt`
14 verbose stack Exit status 3221225786
14 verbose stack     at EventEmitter.<anonymous> (C:\Program Files\nodejs\node_modules\npm\lib\utils\lifecycle.js:279:16)
14 verbose stack     at emitTwo (events.js:106:13)
14 verbose stack     at EventEmitter.emit (events.js:191:7)
14 verbose stack     at ChildProcess.<anonymous> (C:\Program Files\nodejs\node_modules\npm\lib\utils\spawn.js:40:14)
14 verbose stack     at emitTwo (events.js:106:13)
14 verbose stack     at ChildProcess.emit (events.js:191:7)
14 verbose stack     at maybeClose (internal/child_process.js:885:16)
14 verbose stack     at Process.ChildProcess._handle.onexit (internal/child_process.js:226:5)
15 verbose pkgid code@1.0.0
16 verbose cwd C:\Users\jesse_000\AppData\Local\Screeps\scripts\192_168_1_32___21025\default\code
17 error Windows_NT 10.0.17134
18 error argv "C:\\Program Files\\nodejs\\node.exe" "C:\\Program Files\\nodejs\\node_modules\\npm\\bin\\npm-cli.js" "run" "dev"
19 error node v7.4.0
20 error npm  v4.0.5
21 error code ELIFECYCLE
22 error code@1.0.0 dev: `grunt`
22 error Exit status 3221225786
23 error Failed at the code@1.0.0 dev script 'grunt'.
23 error Make sure you have the latest version of node.js and npm installed.
23 error If you do, this is most likely a problem with the code package,
23 error not with npm itself.
23 error Tell the author that this fails on your system:
23 error     grunt
23 error You can get information on how to open an issue for this project with:
23 error     npm bugs code
23 error Or if that isn't available, you can get their info via:
23 error     npm owner ls code
23 error There is likely additional logging output above.
24 verbose exit [ 1, true ]
